15	16	2
16	20	1
20	22	2
22	26	4
26	35	3
35	41	6
41	44	5
44	47	4
47	50	5
53	55	7
55	62	8
70	72	9
78	82	10
87	90	11
101	103	12
113	122	13
134	138	14
138	140	15
140	145	16
153	160	17
164	172	18
172	174	20
174	182	19
182	189	21
189	198	22
241	248	23
259	260	24
290	291	25
307	310	26
310	312	27
319	326	28
326	335	29
335	336	28
336	339	31
339	343	32
343	346	33
346	352	30
356	364	34
364	372	35
372	374	37
374	382	36
382	384	37
384	386	39
386	394	38
394	399	40
408	415	41
415	418	42
432	433	43
437	444	44
454	461	45
464	473	46
473	477	48
477	486	47
486	491	49
491	499	50
499	500	51
500	501	52
501	505	51
522	524	53
527	529	54
529	532	55
532	537	56
539	541	58
541	543	59
543	547	58
547	548	57
548	549	60
549	550	61
550	556	57
556	557	61
585	591	62
602	606	63
606	607	64
607	609	63
632	637	65
639	647	66
665	672	67
672	673	69
673	681	68
681	683	67
704	713	70
713	721	71
721	730	72
738	743	73
743	746	75
746	749	74
749	750	75
750	752	77
752	755	74
755	760	76
763	764	78
771	772	79
796	802	80
802	807	81
807	808	82
810	811	83
851	857	84
875	877	85
896	901	86
916	919	88
919	926	87
930	936	89
948	952	90
956	962	91
962	967	92
970	974	93
976	979	94
981	983	95
993	1002	96
1007	1011	97
1011	1012	98
1012	1015	99
1015	1021	98
1021	1022	100
1022	1024	99
1038	1043	101
1045	1049	102
1049	1054	103
1054	1059	104
1086	1095	105
1110	1113	106
1121	1124	107
1124	1125	108
1125	1129	107
1129	1137	109
1147	1149	110
1158	1161	111
1161	1162	112
1162	1167	111
1167	1169	114
1169	1173	113
1180	1189	115
1197	1201	116
1205	1211	117
1211	1212	121
1212	1214	117
1214	1218	120
1218	1226	119
1226	1227	120
1227	1230	122
1230	1233	123
1233	1236	118
1236	1241	124
1241	1242	125
1242	1248	118
1248	1250	120
1250	1252	123
1252	1260	126
1263	1272	127
1272	1275	129
1275	1282	128
1283	1286	130
1288	1294	131
1316	1319	132
1332	1335	133
1336	1340	134
1347	1352	135
1354	1355	136
1355	1356	137
1356	1357	138
1357	1359	137
1359	1365	136
1365	1369	139
1387	1391	140
1392	1396	141
1398	1400	142
1400	1408	143
1427	1436	144
1437	1438	145
1440	1441	146
1446	1452	147
1452	1460	148
1460	1465	149
1469	1475	150
1481	1482	151
1503	1504	152
1505	1513	153
1519	1527	154
1549	1556	155
1556	1558	156
1558	1563	157
1563	1570	156
1590	1596	158
1596	1597	159
1597	1600	158
1601	1604	160
1616	1625	161
1625	1628	162
1628	1630	164
1630	1638	163
1638	1640	166
1640	1645	164
1645	1648	165
1648	1652	167
1652	1653	171
1653	1655	167
1655	1657	172
1657	1662	169
1662	1667	170
1667	1676	168
1676	1682	173
1682	1683	174
1683	1685	173
1685	1689	175
1689	1690	173
1706	1714	176
1714	1721	177
1721	1722	176
1722	1723	178
1723	1726	179
1726	1727	178
1747	1750	180
1752	1754	181
1763	1764	182
1780	1785	183
1785	1790	184
1790	1792	183
1792	1794	186
1794	1803	185
1803	1810	187
1811	1817	188
1817	1822	190
1822	1830	189
1842	1848	192
1848	1856	191
1856	1860	193
1870	1879	194
1879	1882	195
1882	1887	196
1887	1893	195
1893	1895	198
1895	1904	197
1904	1905	201
1905	1910	199
1910	1918	200
1918	1920	199
1920	1925	202
1928	1935	203
1942	1951	204
1962	1968	205
1968	1973	206
1973	1978	207
1978	1984	208
1984	1992	209
1992	1996	210
2001	2004	211
2004	2008	212
2019	2026	213
2043	2052	214
2081	2085	215
2085	2087	217
2087	2090	216
2090	2096	218
2109	2112	219
2122	2131	220
2131	2136	221
2136	2143	222
2159	2161	223
2161	2163	224
2163	2170	223
2170	2174	225
2174	2180	226
2196	2201	227
2205	2211	228
2211	2212	229
2212	2214	228
2270	2273	230
2292	2301	231
2302	2305	232
2305	2307	233
2307	2315	234
2315	2318	233
2348	2350	235
2370	2375	236
2376	2377	237
2377	2383	238
2383	2391	237
2395	2397	239
2400	2404	240
2404	2405	241
2405	2408	240
2468	2476	242
2479	2483	243
2483	2485	244
2485	2486	245
2494	2496	246
2496	2497	247
2497	2499	246
2528	2536	248
2563	2565	249
2565	2574	250
2574	2577	251
2577	2579	249
2579	2582	251
2583	2586	252
2586	2593	253
2622	2623	254
2626	2628	255
2638	2646	256
2658	2659	257
2665	2673	258
2673	2676	259
2676	2677	258
2689	2691	260
2691	2692	261
2694	2697	262
2697	2699	265
2699	2703	262
2703	2707	263
2707	2712	266
2712	2714	264
2714	2715	267
2715	2720	264
2720	2725	268
2733	2734	270
2734	2740	269
2745	2746	271
2755	2758	272
2758	2767	273
2772	2777	274
2777	2782	275
2782	2791	276
2791	2792	275
2793	2795	277
2809	2812	278
2847	2855	279
2863	2867	280
2867	2872	281
2907	2914	282
2914	2919	283
2919	2923	284
2930	2938	285
2938	2942	286
2977	2978	287
2978	2979	288
2979	2981	287
2995	2999	290
2999	3006	289
3029	3033	291
3041	3044	292
3062	3066	293
3066	3071	294
3075	3083	295
3103	3108	296
3108	3117	297
3138	3142	298
3157	3158	299
3164	3173	302
3173	3178	301
3178	3179	300
3179	3180	305
3180	3186	303
3186	3188	305
3188	3192	300
3192	3193	306
3193	3195	307
3195	3198	306
3198	3207	304
3207	3213	308
3213	3215	309
3229	3238	310
3245	3253	311
3273	3275	312
3286	3289	314
3289	3296	313
3300	3307	315
3317	3319	316
3327	3335	317
3335	3338	319
3338	3347	318
3351	3355	321
3355	3356	323
3356	3360	321
3360	3363	320
3363	3365	322
3365	3367	325
3367	3369	326
3369	3373	324
3373	3377	325
3377	3383	320
3383	3384	327
3384	3386	328
3386	3389	327
3400	3409	329
3437	3438	330
3438	3441	331
3450	3452	332
3458	3464	333
3480	3481	334
3492	3494	335
3497	3502	336
3507	3509	337
3522	3527	338
3532	3541	339
3553	3560	340
3568	3577	341
3577	3583	342
3592	3597	343
3613	3614	345
3614	3619	344
3626	3630	346
3630	3632	347
3632	3635	346
3645	3647	348
3650	3653	349
3655	3658	350
3672	3678	351
3678	3682	352
3708	3717	353
3717	3721	354
3721	3728	355
3728	3730	354
3730	3738	356
3746	3753	357
3802	3803	358
3803	3811	359
3821	3825	360
3825	3829	362
3829	3831	361
3831	3833	363
3833	3836	361
3839	3844	364
3852	3854	365
3854	3858	366
3862	3866	367
3872	3874	368
3874	3875	369
3875	3879	368
3892	3895	370
3895	3897	371
3897	3899	372
3900	3901	373
3905	3910	374
3926	3929	375
3929	3930	376
3930	3935	377
3935	3943	376
3952	3960	378
3960	3965	379
3982	3988	380
3995	4002	381
4002	4008	382
4022	4025	383
4025	4034	384
4034	4039	383
4039	4042	385
4042	4043	391
4043	4044	385
4044	4051	392
4051	4052	391
4052	4057	390
4057	4061	385
4061	4066	386
4066	4067	393
4067	4076	394
4076	4079	386
4079	4081	397
4081	4084	387
4084	4093	396
4093	4095	388
4095	4096	399
4096	4105	398
4105	4110	389
4110	4112	399
4112	4113	395
4113	4114	400
4114	4121	401
4121	4124	402
4144	4148	403
4151	4154	405
4154	4161	404
4178	4185	406
4217	4221	407
4228	4231	408
4231	4240	409
4254	4262	410
4277	4282	411
4293	4294	412
4313	4317	413
4317	4318	414
4318	4323	413
4330	4331	416
4331	4336	415
4337	4338	418
4338	4345	419
4345	4349	418
4349	4355	417
4355	4361	420
4367	4373	421
4381	4384	422
4384	4386	423
4386	4389	422
4389	4390	423
4390	4391	424
4391	4393	422
4396	4398	425
4398	4403	426
4403	4409	429
4409	4410	426
4410	4412	430
4412	4417	427
4417	4425	428
4446	4454	431
4454	4462	432
4462	4470	433
4475	4476	434
4476	4477	435
4477	4479	436
4479	4482	435
4495	4502	437
4503	4504	438
4507	4508	439
4511	4515	440
4540	4543	441
4543	4545	442
4545	4547	443
4547	4551	444
4551	4553	445
4553	4556	444
4572	4576	446
4600	4605	447
4605	4609	448
4609	4618	449
4618	4622	451
4622	4626	450
4626	4628	453
4628	4632	450
4632	4641	452
4642	4644	454
4644	4645	455
4645	4650	454
4651	4657	456
4657	4663	457
4663	4669	460
4669	4670	461
4670	4671	456
4671	4675	459
4675	4683	458
4690	4695	462
4695	4697	463
4722	4724	464
4724	4729	465
4762	4767	466
4770	4778	467
4803	4805	468
4829	4832	469
4832	4837	470
4839	4841	471
4843	4846	472
4846	4850	473
4850	4852	472
4852	4854	474
4854	4857	472
4857	4858	475
4858	4862	476
4862	4864	477
4864	4871	475
4871	4872	477
4872	4873	479
4873	4877	478
4877	4880	480
4880	4881	479
4881	4886	478
4898	4900	481
4905	4906	482
4906	4911	483
4911	4919	482
4930	4934	484
4937	4938	485
4942	4945	486
4962	4965	487
4965	4971	488
4971	4977	490
4977	4986	489
4988	4989	491
4989	4994	492
4994	5000	493
5000	5005	494
5018	5027	495
5031	5040	496
5042	5045	497
5045	5050	498
5050	5056	497
5056	5062	499
5066	5072	500
5072	5075	501
5075	5077	502
5092	5094	503
5094	5097	504
5097	5102	503
5177	5184	505
5184	5193	506
5197	5201	507
5201	5209	508
5209	5210	509
5210	5213	510
5213	5219	509
5219	5222	511
5225	5232	512
5232	5241	513
5241	5245	514
5245	5252	515
5252	5253	516
5253	5259	517
5259	5267	516
5267	5268	517
5282	5287	519
5287	5294	520
5294	5297	519
5297	5306	518
5307	5316	521
5333	5338	522
5340	5341	523
5343	5345	524
5350	5356	525
5361	5365	526
5366	5368	527
5368	5370	528
5370	5374	529
5374	5378	531
5378	5382	529
5382	5384	530
5384	5389	532
5389	5390	530
5390	5392	535
5392	5401	533
5401	5407	530
5407	5409	535
5409	5410	534
5410	5413	536
5413	5416	537
5416	5418	534
5418	5423	538
5423	5429	534
5429	5430	540
5430	5432	541
5432	5438	539
5438	5439	541
5439	5442	542
5442	5444	541
5444	5453	543
5464	5468	544
5468	5471	545
5494	5503	546
5504	5513	547
5519	5523	548
5523	5526	550
5526	5531	548
5531	5540	549
5540	5548	551
5548	5556	552
5561	5566	553
5566	5570	555
5570	5576	554
5576	5579	556
5579	5588	559
5588	5596	558
5596	5598	557
5598	5599	558
5599	5603	560
5627	5629	561
5633	5635	562
5655	5663	563
5696	5698	564
5698	5699	565
5699	5706	564
5706	5714	566
5724	5732	567
5736	5741	568
5742	5749	569
5764	5768	570
5768	5775	571
5775	5783	572
5794	5796	573
5799	5803	574
5804	5805	575
5806	5809	576
5841	5843	577
5851	5853	578
5853	5854	579
5894	5900	580
5900	5909	581
5909	5918	582
5927	5933	583
5934	5940	584
5941	5946	585
5947	5955	586
5990	5994	587
6026	6033	588
6033	6038	589
6038	6047	590
6047	6048	589
6069	6074	591
6084	6087	592
6095	6096	593
6100	6108	594
6114	6120	595
6125	6126	596
6126	6129	597
6129	6132	596
6132	6134	598
6134	6137	596
6160	6163	599
6172	6174	600
6180	6187	601
6208	6213	602
6217	6222	603
6226	6227	604
6229	6230	605
6230	6236	606
6247	6249	607
6249	6250	608
6250	6257	607
6258	6261	609
6261	6262	610
6273	6277	611
6316	6322	612
6328	6330	613
6330	6339	614
6340	6348	615
6350	6358	616
6377	6386	617
6390	6391	618
6391	6395	619
6395	6403	618
6417	6424	620
6426	6427	621
6440	6446	622
6446	6448	623
6448	6451	624
6451	6455	623
6462	6465	625
6487	6488	626
6488	6493	627
6493	6496	626
6496	6497	628
6497	6500	626
6500	6506	629
6507	6511	630
6515	6523	631
6537	6542	632
6549	6555	633
6555	6558	634
6558	6561	635
6561	6565	634
6586	6595	636
6600	6609	637
6619	6628	638
6638	6641	639
6654	6660	640
6660	6664	641
6683	6692	642
6703	6710	643
6710	6711	644
6717	6718	645
6718	6719	646
6719	6721	645
6721	6725	647
6737	6738	648
6763	6764	649
6764	6767	650
6767	6772	649
6772	6773	650
6773	6777	652
6777	6786	651
6786	6789	652
6789	6793	653
6793	6802	654
6802	6804	653
6804	6808	655
6808	6812	656
6812	6816	657
6816	6822	658
6828	6829	659
6846	6848	660
6857	6859	661
6860	6867	662
6867	6875	663
6875	6879	664
6887	6893	665
6893	6899	666
6899	6901	667
6905	6911	668
6912	6916	669
6921	6925	670
6925	6928	671
6929	6936	672
6940	6946	673
6946	6955	674
6960	6961	675
6962	6965	676
6986	6988	677
6988	6996	678
6996	6997	680
6997	7004	677
7004	7006	680
7006	7014	679
7027	7028	681
7043	7044	682
7060	7061	683
7067	7075	684
7075	7080	685
7103	7110	688
7110	7116	687
7116	7117	689
7117	7124	686
7125	7127	690
7127	7130	691
7130	7132	690
7132	7136	692
7136	7141	690
7159	7160	693
7160	7164	694
7164	7173	695
7173	7176	694
7179	7187	696
7187	7192	697
7202	7203	698
7203	7204	699
7204	7207	698
7209	7212	700
7215	7216	701
7229	7234	702
7243	7247	703
7247	7253	704
7253	7257	705
7261	7270	706
7270	7278	707
7279	7282	708
7282	7284	709
7284	7288	708
7295	7303	710
7307	7313	711
7336	7339	712
7339	7348	713
7353	7358	714
7373	7381	715
7382	7387	716
7392	7395	717
7408	7415	718
7417	7424	719
7428	7435	720
7439	7448	721
7467	7472	722
7472	7477	723
7477	7479	722
7485	7491	724
7491	7494	725
7494	7497	726
7497	7503	725
7503	7504	727
7516	7522	728
7522	7527	729
7536	7538	730
7543	7548	731
7548	7557	733
7557	7559	731
7559	7567	732
7574	7580	734
7588	7591	735
7591	7592	736
7592	7600	737
7610	7612	738
7619	7626	740
7626	7633	739
7652	7654	741
7668	7673	742
7675	7683	743
7707	7709	744
7734	7743	745
7743	7749	746
7752	7756	747
7756	7760	748
7760	7764	749
7764	7768	750
7768	7773	748
7773	7779	751
7791	7793	752
7794	7801	753
7801	7805	754
7805	7806	760
7806	7808	754
7808	7809	755
7809	7815	761
7815	7821	755
7821	7826	756
7826	7832	757
7832	7833	758
7833	7834	763
7834	7836	758
7836	7837	762
7837	7839	758
7839	7840	767
7840	7847	764
7847	7848	759
7848	7856	766
7856	7859	759
7859	7866	768
7866	7868	759
7868	7873	770
7873	7875	765
7875	7877	771
7877	7879	765
7879	7887	772
7887	7891	765
7891	7894	774
7894	7895	765
7895	7898	767
7898	7900	769
7900	7901	771
7901	7903	776
7903	7906	771
7906	7910	773
7910	7913	778
7913	7922	777
7922	7924	775
7924	7925	779
7925	7930	775
7930	7931	781
7931	7937	780
7939	7943	782
7954	7962	783
7988	7991	784
7993	7998	785
8006	8007	786
8012	8015	787
8020	8023	788
8025	8027	789
8030	8034	790
8036	8040	791
8040	8046	792
8046	8047	791
8047	8049	794
8049	8056	793
8056	8065	795
8065	8068	796
8071	8080	797
8094	8097	798
8109	8111	799
8111	8112	800
8112	8118	799
8120	8125	801
8125	8127	803
8127	8131	802
8131	8139	805
8139	8142	804
8142	8145	806
8151	8153	807
8153	8156	808
8156	8160	807
8171	8176	809
8184	8190	810
8190	8193	811
8193	8202	813
8202	8211	812
8211	8215	811
8215	8216	816
8216	8225	815
8225	8227	814
8227	8234	817
8234	8240	816
8240	8244	814
8268	8275	818
8275	8280	819
8284	8290	820
8292	8299	821
8299	8308	822
8312	8320	823
8322	8323	824
8323	8330	825
8330	8334	826
8334	8338	827
8350	8357	828
8370	8376	829
8376	8381	830
8381	8386	831
8395	8397	832
8399	8400	833
8400	8401	834
8401	8409	833
8409	8417	835
8424	8428	836
8431	8434	837
8452	8461	838
8463	8465	839
8487	8490	840
8490	8492	841
8497	8498	842
8506	8511	843
8518	8524	844
8529	8531	845
8532	8537	846
8553	8556	847
8556	8559	848
8559	8563	847
8564	8565	849
8565	8568	850
8568	8574	849
8598	8600	851
8600	8601	852
8601	8608	851
8613	8616	853
8616	8620	855
8620	8624	853
8624	8633	854
8633	8634	853
8634	8639	856
8639	8647	857
8649	8650	858
8657	8661	860
8661	8669	859
8669	8671	861
8671	8674	860
8698	8706	862
8706	8707	864
8707	8709	863
8720	8725	865
8739	8745	866
8747	8748	867
8748	8751	868
8751	8754	867
8754	8762	869
8762	8763	867
8763	8765	870
8778	8784	871
8784	8791	872
8793	8796	874
8796	8805	873
8829	8836	875
8836	8843	876
8857	8858	877
8858	8859	878
8859	8862	877
8862	8863	880
8863	8869	879
8869	8872	880
8872	8876	881
8876	8881	882
8886	8895	883
8900	8907	884
8907	8910	885
8910	8913	886
8919	8924	887
8940	8949	888
8949	8957	889
8957	8962	890
8978	8980	891
8980	8983	892
8987	8988	893
8989	8990	894
8999	9005	895
9027	9031	896
9040	9046	897
9058	9060	899
9060	9068	900
9068	9070	899
9070	9075	898
9075	9076	901
9076	9080	898
9085	9093	902
9105	9109	903
9109	9114	904
9114	9122	905
9135	9136	906
9145	9148	907
9148	9149	909
9149	9152	907
9152	9161	908
9162	9164	910
9167	9175	911
9178	9179	912
9179	9181	913
9181	9184	912
9184	9186	913
9186	9190	914
9190	9193	912
9193	9201	915
9213	9220	916
9220	9229	917
9241	9246	918
9246	9248	919
9248	9250	920
9250	9257	919
9257	9261	920
9261	9267	921
9267	9274	922
9274	9275	921
9275	9276	925
9276	9285	923
9285	9286	924
9286	9287	925
9287	9288	927
9288	9293	924
9293	9295	927
9295	9297	924
9297	9300	926
9300	9309	929
9309	9315	930
9315	9317	926
9317	9318	932
9318	9319	934
9319	9326	931
9326	9330	928
9330	9331	932
9331	9332	928
9332	9334	936
9334	9338	933
9338	9344	937
9344	9345	933
9345	9349	940
9349	9352	935
9352	9353	942
9353	9355	935
9355	9357	936
9357	9363	938
9363	9366	939
9366	9370	945
9370	9374	939
9374	9380	941
9380	9382	943
9382	9383	944
9383	9387	946
9388	9397	947
9397	9406	948
9426	9428	949
9431	9436	951
9436	9441	950
9441	9447	952
9452	9455	953
9458	9460	954
9462	9464	955
9483	9486	956
9486	9491	957
9514	9521	958
9521	9530	959
9547	9555	960
9555	9562	961
9562	9565	962
9574	9575	963
9587	9591	964
9591	9597	965
9601	9602	966
9602	9607	968
9607	9610	967
9610	9619	969
9619	9623	967
9623	9625	966
9625	9629	970
9629	9631	971
9631	9639	972
9639	9648	973
9648	9652	974
9652	9659	975
9659	9664	976
9665	9671	977
9671	9672	978
9672	9674	977
9691	9697	979
9700	9704	981
9704	9712	980
9716	9723	982
9740	9745	983
9745	9752	984
9769	9774	985
9774	9780	986
9807	9816	987
9816	9817	988
9817	9824	989
9824	9829	988
9829	9838	990
9838	9840	991
9840	9843	988
9855	9857	992
9857	9859	993
9859	9864	992
9876	9885	994
9888	9892	995
9903	9905	996
9919	9928	997
9955	9962	998
9992	9996	999
9996	10001	1000
