4000
2059
23595
15874
23293
2057
23292
13826
13825
6304
1012
13824
13823
13821
7739
7127
16358
3343
11658
6555
11727
2504
2499
25416
2460
2455
4474
11725
2437
15997
29571
4471
2413
15745
2408
2407
6551
2403
2401
1731
4084
30634
6556
35920
1730
18527
9503
25303
3285
17899
17912
23335
17368
4992
3292
18156
18161
6151
14495
2174
7798
7797
7796
7799
7795
7794
7793
7792
13040
13039
13038
28235
35813
718
710
8274
23331
8188
8241
8439
8272
8383
23329
23328
33523
21129
21521
24368
8386
26305
2698
25319
23080
3156
3167
24925
12878
31306
3541
31443
29246
35342
532
31238
31395
12763
1912
1911
12604
1905
10048
10047
1886
12562
1884
21830
1684
10039
10036
23022
10032
16508
23264
10023
19164
10006
10005
19162
19158
9009
9994
9993
19154
8492
19151
22389
542
14587
3342
14587
542
22389
19151
8492
19154
9993
9994
9009
19158
19162
10005
10006
19164
10023
23264
16508
10032
23022
10036
10039
1684
21830
1884
12562
1886
10047
10048
1905
12604
1911
1912
12763
31395
31238
532
35342
29246
31443
3541
31306
12878
24925
3167
3156
23080
25319
2698
26305
8386
24368
21521
21129
33523
23328
23329
8383
8272
8439
8241
8188
23331
8274
710
718
35813
28235
13038
13039
13040
7792
7793
7794
7795
7799
7796
7797
7798
2174
14495
6151
18161
18156
3292
4992
17368
23335
17912
17899
3285
25303
9503
18527
1730
35920
6556
30634
4084
1731
2401
2403
6551
2407
2408
15745
2413
4471
29571
15997
2437
11725
4474
2455
2460
25416
2499
2504
11727
6555
11658
3343
16358
7127
7739
13821
13823
13824
1012
6304
13825
13826
23292
2057
23293
15874
23595
2059
4000
2930
34034
30524
10620
2949
10619
32965
32966
33224
7297
32833
25305
23326
34473
15242
34484
15247
1324
15251
3368
1427
11596
11593
4272
11594
11589
13131
13134
13112
9797
14976
14686
6464
18171
20349
12934
31472
32533
5637
9583
35614
31470
9580
9582
4345
29834
30596
22079
19206
35828
27335
5875
5874
22138
22135
17270
27549
21658
17268
33550
18336
8851
19216
9212
9206
26548
20123
21696
14506
24118
18447
20859
20808
12829
4396
17560
17563
17568
2928
34189
4406
12179
14566
18920
9450
17587
15117
1314
11954
1305
11938
1209
3090
3091
3196
3197
3199
14429
13968
26410
2899
2311
2899
18174
3201
32529
32196
17255
33101
4428
19990
18940
22186
25643
1357
1160
17042
17041
32095
2276
14949
17040
9694
5730
16013
26922
6724
943
30374
23381
34675
31079
4359
33759
33597
292
7230
4350
2595
4364
2598
7370
2592
7235
2562
2569
35126
4391
34169
9640
8762
2274
9635
16545
12442
12439
12438
12441
9079
6679
12448
17630
17036
16951
26940
4223
2325
28581
8475
14287
23932
1187
4217
2255
4231
24675
23950
4225
24670
4445
24670
4225
23950
24675
4231
2255
4217
1187
23932
14287
8475
28581
2325
4223
26940
16951
17036
17630
12448
6679
9079
12441
12438
12439
12442
16545
9635
2274
8762
9640
34169
4391
35126
2569
2562
7235
2592
7370
2598
4364
2595
4350
7230
292
33597
33759
4359
31079
34675
23381
30374
943
6724
26922
16013
5730
9694
22331
23705
23707
20215
7429
27334
7440
31251
20851
20799
20809
20830
20880
28646
21703
21694
28617
24107
21705
21716
21696
20123
26548
9206
9212
19216
8851
18336
33550
17268
21658
27549
17270
22135
22138
5874
5875
27335
35828
19206
22079
30596
29834
4345
9582
9580
31470
35614
9583
5637
32533
31472
12934
20349
18171
6464
14686
14976
9797
13112
13134
13131
11589
11594
4272
11593
11596
1427
3368
15251
1324
15247
34484
15242
34473
23326
25305
32833
7297
33224
32966
32965
10619
2949
10620
30524
34034
2930
4000
2059
23595
15874
23293
2057
23292
13826
13825
6304
1012
13824
13823
13821
7739
7127
16358
3343
11658
6555
11727
2504
2499
25416
2460
2455
4474
11725
2437
15997
29571
4471
2413
15745
2408
2407
6551
2403
2401
1731
4084
30634
6556
35920
1730
18527
9503
25303
3285
17899
17912
23335
17368
4992
3292
18156
18161
6151
14495
2174
7798
19148
19145
22512
7967
18158
740
739
15554
1469
1277
697
746
748
10146
5533
754
23049
19595
753
19596
5530
755
23246
29014
29010
29013
29008
4817
31019
768
765
18414
16915
18397
6926
14505
6927
6934
6920
278
6942
11265
13973
20665
33012
20668
32617
35495
26873
21725
26916
26877
21724
26900
29356
33050
29357
29355
31221
28839
28840
35480
26895
35476
26898
31400
26880
24806
35458
35451
35448
23967
23966
23964
200
23963
197
35370
277
25114
25108
25107
275
13103
276
660
659
1958
12883
7770
12821
25092
1698
1697
1695
10059
2701
1906
10053
1892
10050
22025
21830
1684
10039
10036
23022
10032
16508
23264
10023
19164
10006
10005
19162
19158
9009
9994
9993
19154
8492
19151
22389
542
14587
6419
19144
19443
66
51
2883
28396
29758
19143
14591
14590
28886
72
20817
21606
19133
36052
107
21600
8695
8698
21586
9975
21578
36061
21575
33919
35880
21878
35862
29080
13088
28716
21561
28715
28714
3178
3191
15545
11488
749
11425
4919
25162
33595
35541
18774
25219
28006
1070
427
1034
598
3147
2220
2218
2219
34610
11874
323
10933
14497
2191
30148
6736
6460
33266
24367
24410
24409
25444
31049
11636
11649
7936
7940
7939
15476
8886
15486
15487
27120
10902
15684
15686
15687
11552
31802
11574
33042
16392
11617
11612
34769
10927
32676
29677
13521
27525
22630
26128
8759
8758
8755
8753
8752
28071
22541
7787
3807
27270
6668
23687
22225
5902
7292
22207
7932
22226
18841
21087
17992
6676
25151
16630
9125
16629
33228
16717
16716
32018
22089
31646
9627
3788
31643
9617
31647
31659
31645
31663
5028
25146
580
9812
23661
15895
9101
9102
3768
16883
16875
9103
24309
22056
22087
2043
8907
22543
2040
15821
8919
8925
1969
22538
26889
4298
13519
33495
22550
33368
24572
2042
3907
19004
22414
12743
12744
3610
18938
18941
18515
18480
12747
902
17858
3724
19501
3723
140
880
853
862
31438
17750
30131
850
869
7163
25422
25441
25442
7257
30115
25883
28017
28032
28031
22656
26358
26433
12190
13568
21394
1704
1711
17284
24589
1710
29001
20534
21712
26493
21801
3729
23879
23884
23888
26494
23895
11634
3733
23896
17115
6257
33341
6259
6699
6700
34812
3746
8640
28106
8623
6689
21091
16805
25415
6250
14720
34811
7162
18746
7449
7454
6921
17389
7455
7451
25779
25778
2310
30176
14212
32942
6680
10308
25326
23351
10310
10339
27473
13140
27472
13138
22590
27929
22622
31484
22623
31505
31550
28128
16583
220
6280
16703
28737
215
16704
2979
3817
24658
24672
2196
3825
29650
29652
4910
27581
13762
9645
7056
25886
25269
18413
21417
21416
21407
2242
14778
2244
2267
21406
35791
34931
25005
28665
28193
28192
779
780
11787
11788
11360
23302
15510
35815
15513
34982
11386
29248
11394
11395
34833
11502
6430
26271
32898
1957
21544
12337
21545
20288
19170
15346
27213
1556
9452
19379
12055
12048
6653
25755
35581
11266
12631
12628
789
909
838
2010
2011
2114
2228
31324
31277
31478
31581
5502
32045
32051
32057
21574
21593
29565
14914
32064
33273
33540
33855
11798
11799
13491
26076
26078
27781
22749
27793
12990
12985
12513
16359
12994
12984
21048
5013
5016
5036
32863
17106
17095
8941
8942
8935
21106
8947
19632
33464
8944
26997
26991
801
27231
17156
21255
21254
21256
21223
26196
10202
21225
21226
6907
11086
4098
31331
31332
4122
3596
3599
16014
2659
23874
20622
20624
4256
20627
20629
13682
10080
18725
18910
18688
2735
28117
7045
20916
23975
2741
29031
31031
10074
21640
21764
2740
29038
29053
4273
3578
8712
3576
10472
8709
4985
8716
7852
25769
7851
7850
7854
7856
25973
25974
26391
26396
13776
34413
32581
12234
12235
12270
12308
30374
23381
34675
31079
4359
33759
33597
292
7230
4350
2595
4364
2598
7370
2592
7235
2562
2569
35126
4391
34169
9640
8762
2274
9635
16545
12442
12439
12438
12441
9079
6679
12448
12449
8922
16948
27452
34573
15791
34558
10560
27447
10561
27451
10562
16957
16959
32020
25709
26839
14877
14876
14875
11099
14874
14873
26124
23352
14872
14871
9069
14870
10763
14868
14811
14867
34835
21678
27301
22750
11295
1989
27302
28722
25599
25270
25954
22852
27035
2629
27304
27163
2626
19136
27162
27217
27161
35118
35153
14586
6504
12389
12390
785
25320
12374
27484
27486
7583
26324
23024
21674
21631
29271
28895
11052
27556
27260
11076
31890
12175
1588
550
16198
519
518
35649
35651
33128
400
33128
35651
35649
518
519
16198
550
1588
12175
31890
11076
27260
27556
11052
28895
29271
21631
21674
23024
26324
7583
27486
27484
12374
25320
785
12390
12389
6504
14586
35153
35118
27161
27217
27162
19136
2626
27163
27304
2629
27035
22852
25954
25270
25599
28722
27302
1989
11295
22750
27301
21678
34835
14867
14811
14868
10763
14870
9069
14871
14872
23352
26124
14873
14874
11099
14875
14876
14877
26839
25709
32020
16959
16957
10562
27451
10561
27447
10560
34558
15791
34573
27452
16948
8922
12449
12448
6679
9079
12441
12438
12439
12442
16545
9635
2274
8762
9640
34169
4391
35126
2569
2562
7235
2592
7370
2598
4364
2595
4350
7230
292
33597
33759
4359
31079
34675
23381
30374
12308
12270
12235
12234
32581
34413
13776
26396
26391
25974
25973
7856
7854
7850
7851
25769
7852
8716
4985
8709
10472
3576
8712
3578
4273
29053
29038
2740
21764
21640
10074
31031
29031
2741
23975
20916
7045
28117
2735
18688
18910
18725
10080
13682
20629
20627
4256
20624
20622
23874
2659
16014
3599
3596
4122
31332
31331
4098
11086
6907
21226
21225
10202
26196
21223
21256
21254
21255
17156
27231
801
26991
26997
8944
33464
19632
8947
21106
8935
8942
8941
17095
17106
32863
5036
5016
5013
21048
12984
12994
16359
12513
12985
12990
27793
22749
27781
26078
26076
13491
11799
11798
33855
33540
33273
32064
14914
29565
21593
21574
32057
32051
32045
5502
31581
31478
31277
31324
2228
2114
2011
2010
838
909
789
12628
12631
11266
35581
25755
6653
12048
12055
19379
9452
1556
27213
15346
19170
20288
21545
12337
21544
1957
32898
26271
6430
11502
34833
11395
11394
29248
11386
34982
15513
35815
15510
23302
11360
11788
11787
780
779
28192
28193
28665
25005
34931
35791
21406
2267
2244
14778
2242
21407
21416
21417
18413
25269
25886
7056
9645
13762
27581
4910
29652
29650
3825
2196
24672
24658
3817
2979
16704
215
28737
16703
6280
220
16583
28128
31550
31505
22623
31484
22622
27929
22590
13138
27472
13140
27473
10339
10310
23351
25326
10308
6680
32942
14212
30176
2310
25778
25779
7451
7455
17389
6921
7454
7449
18746
7162
34811
14720
6250
25415
16805
21091
6689
8623
28106
8640
3746
34812
6700
6699
6259
33341
6257
17115
23896
3733
11634
23895
26494
23888
23884
23879
3729
21801
26493
21712
20534
29001
1710
24589
17284
1711
1704
21394
13568
12190
26433
26358
22656
28031
28032
28017
24831
28015
28014
28013
34551
30081
17795
18104
34539
22352
17793
17792
5137
17791
30451
30450
26791
26129
32300
31141
32297
22358
18103
9534
27066
30689
6352
35692
6133
6435
6434
10437
33117
6299
31990
31988
33066
34144
29625
33069
3290
5544
34319
3296
3291
3293
30028
30022
340
30022
30028
3293
3291
3296
34319
5544
3290
33069
29625
34144
33066
31988
31990
6299
33117
10437
6434
6435
6133
35692
6352
30689
27066
9534
18103
22358
32297
31141
32300
26129
26791
30450
30451
17791
5137
17792
17793
22352
34539
18104
17795
30081
34551
28013
28014
28015
24831
28017
28032
28031
22656
26358
26433
12190
13568
21394
1704
1711
17284
24589
1710
29001
20534
21712
26493
21801
3729
23879
23884
23888
26494
23895
11634
3733
23896
17115
6257
33341
6259
6699
6700
34812
3746
8640
28106
8623
6689
21091
16805
25415
8859
16891
16892
7450
8811
15055
26133
16075
3782
25201
25202
3786
16550
25200
16558
16561
27109
27147
27146
13367
13394
26909
3799
6733
8751
8753
8755
8758
8759
26128
22630
27525
13521
29677
32676
10927
34769
11612
11617
16392
33042
11574
31802
11552
15687
15686
15684
10902
27120
15487
15486
8886
15476
7939
7940
7936
11649
11636
31049
25444
24409
24410
24367
33266
6460
6736
30148
2191
14497
10933
323
11874
34610
2219
2218
2220
3147
598
1034
427
1070
28006
25219
18774
35541
33595
25162
4919
11425
749
11488
15545
3191
3178
28714
28715
21561
28716
13088
29080
35862
21878
35880
33919
21575
36061
21578
9975
21586
8698
8695
21600
107
36052
19133
21606
20817
72
28886
14590
14591
19143
29758
28396
2883
51
66
19443
19144
6419
14587
542
22389
19014
6364
8487
19153
6389
6374
19155
14585
19156
6382
14584
14583
8080
10000
8481
10001
10002
10004
19158
19162
10005
10006
19164
10023
23264
16508
10032
23022
10036
10039
1684
21830
1884
12562
1886
10047
10048
1905
12604
1911
1912
12763
31395
31238
532
35342
29246
31443
3541
31306
12878
24925
3167
3156
23080
25319
2698
26305
8386
24368
21521
21129
33523
23328
23329
8383
8272
8439
8241
8188
23331
8274
710
718
35813
28235
13038
13039
13040
7792
7793
7794
7795
7799
7796
7797
7798
2174
14495
6151
18161
18156
3292
4992
17368
23335
17912
17899
3285
25303
9503
18527
1730
35920
6556
30634
4084
1731
2401
2403
6551
2407
2408
15745
2413
4471
29571
15997
2437
11725
4474
2455
2460
25416
2499
2504
11727
6555
11658
3343
16358
7127
7739
13821
13823
13824
1012
6304
13825
13826
23292
2057
23293
15874
23595
2059
4000
2930
34034
30524
10620
2949
10619
32965
32966
33224
7297
32833
25305
23326
34473
15242
34484
15247
1324
15251
3368
1427
11596
11593
4272
11594
11589
13131
13134
13112
9797
14976
14686
6464
18171
20349
12934
31472
32533
5637
9583
35614
31470
9580
9582
4345
29834
30596
22079
19206
35828
27335
5875
5874
22138
22135
17270
27549
21658
17268
33550
18336
8851
19216
9212
9206
26548
20123
21696
14506
24118
18447
20859
20808
12829
4396
17560
17566
4400
17566
17560
4396
12829
20808
20859
18447
24118
14506
21696
20123
26548
9206
9212
19216
8851
18336
33550
17268
21658
27549
17270
22135
22138
5874
5875
27335
35828
19227
27322
14314
22882
3939
16982
25825
15022
15003
16594
16587
25304
4296
32191
32190
33587
32673
30548
15879
34102
33889
19464
4269
23615
33885
33884
23619
14487
25602
26666
25605
27028
26528
26526
12232
18433
27036
21021
16841
13633
10388
7946
33250
33261
36118
3125
6085
7111
6098
3139
463
465
461
3138
3137
12281
1642
12280
10754
10416
10423
20169
32991
34774
20178
13000
5929
5940
27228
5933
5935
8936
5926
5936
5934
5941
12391
33765
34410
5928
34392
5944
9151
19742
19756
5039
24886
17104
5024
8103
17721
5036
5016
5013
21048
12984
12994
16359
12513
12985
12990
27793
22749
27781
26078
26076
13491
11799
11798
33855
33540
33273
32064
14914
29565
21593
21574
32057
32051
32045
5502
31581
31478
31277
31324
2228
2114
2011
2010
838
909
789
12628
12631
11266
35581
25755
6653
12048
12055
19379
9452
1556
27213
15346
19170
20288
21545
12337
21544
1957
32898
26271
6430
11502
34833
11395
11394
29248
11386
34982
15513
35815
15510
23302
11360
11788
11787
780
779
28192
28193
28665
25005
34931
35791
21406
2267
2244
14778
2242
21407
21416
21417
18413
25269
25886
7056
9645
13762
27581
4910
15183
15822
15182
15185
18608
21450
27586
34347
28177
30652
28427
8904
13061
32027
13013
35732
5577
8437
11782
8434
13081
13276
13275
34723
12251
25403
25400
34822
34690
10321
19684
12273
34771
2285
2112
24262
102
7939
15476
8886
15486
15487
27120
10902
15684
15686
3495
11558
3495
15686
15684
10902
27120
15487
15486
8886
15476
7939
7940
7936
11649
11636
31049
25444
24409
24410
24367
33266
6460
6736
30148
2191
14497
10933
323
11874
34610
2219
2218
2220
3147
598
1034
427
1070
28006
25219
18774
35541
33595
25162
4919
11425
749
11488
15545
3191
3178
28714
28715
21561
28716
13088
29080
35862
21878
35880
33919
21575
36061
21578
9975
21586
8698
8695
21600
107
36052
19133
21606
20817
72
28886
14590
14591
19143
29758
28396
2883
51
66
19443
19144
6419
14587
542
22389
19151
8492
19154
9993
9994
9009
19158
19162
10005
10006
19164
10023
23264
16508
10032
23022
10036
10039
1684
21830
1884
12562
1886
10047
10048
1905
12604
1911
1912
12763
31395
31238
532
35342
29246
31443
3541
31306
12878
24925
3167
3156
23080
25319
2698
26305
8386
24368
21521
21129
33523
23328
23329
8383
8272
8439
8241
8188
23331
8274
710
718
35813
28235
13038
13039
13040
7792
7793
7794
7795
7799
7796
7797
7798
2174
14495
6151
1643
6181
21028
26790
16050
9117
16053
29289
29291
29292
10810
7985
31047
10627
35974
15715
18468
34030
35980
15559
15558
1201
18127
6978
24338
15555
15557
18001
18625
18377
30825
11831
30827
21728
18063
23931
18062
11961
18064
4259
10066
16870
4612
4618
34731
10779
10780
10755
25663
25816
25641
10749
12150
12128
33798
2805
2803
15105
15106
28059
28060
28062
28064
28065
19210
19220
3341
29863
19214
19187
20270
20269
20268
20267
19241
19243
9457
14470
19231
8304
12406
441
8321
4332
7568
18533
32270
34958
18536
30194
3363
3365
3364
5227
15813
15811
14343
26480
31519
14348
31525
31526
27742
31524
5284
5285
30532
5351
30711
5353
30737
5358
22821
9220
22820
27488
26337
26338
13384
5184
26349
26350
9223
25068
25070
34898
3177
3179
25077
3176
13255
3574
3180
34900
34899
5286
10986
26180
4991
7350
27266
18046
18054
5895
7918
7899
7900
27037
34237
27832
2084
28596
28595
18481
4876
19248
9169
14079
24795
14046
19264
14060
19264
14046
24795
14079
9229
7517
7514
7511
7509
7508
14071
14061
7490
7486
16067
16049
16041
27265
27261
14679
4086
9048
29337
17576
17574
17575
17573
17572
35766
22292
35472
18486
15657
26550
26549
26548
9206
9212
19216
8851
18336
33550
17268
21658
27549
17270
22135
22138
5874
5875
27335
35828
19227
27322
14314
22882
3939
16982
25825
15022
15003
16594
16587
25304
4296
32191
32190
33587
32673
30548
15879
34102
33889
19464
4269
23615
33885
33884
23619
14487
25602
26666
25605
27028
26528
26526
12232
18433
27036
21021
16841
13633
10388
7946
33250
33261
36118
3125
6085
7111
6098
3139
463
465
461
3138
3137
12281
1642
12280
10754
10416
10423
20169
32991
34774
20178
13000
5929
5940
27228
5933
5935
8936
5926
5936
5934
5941
12391
33765
34410
5928
34392
5944
9151
19742
19756
5039
24886
17104
5024
8103
17721
5036
5016
5013
21048
12984
12994
16359
12513
12985
12990
27792
27787
27776
27794
6
33546
15375
33543
12844
2377
14242
23875
27976
23878
6161
8393
22669
6167
6162
34424
34422
6164
13859
6165
6166
18638
18891
6158
6159
24233
21927
5159
22717
15357
12851
23122
12852
12499
12910
6997
2012
2013
12911
25758
25751
10730
3376
20143
20139
20146
31216
10119
31851
32084
23445
31866
24132
31679
23446
5512
31560
31487
2228
31324
31277
31478
31581
5502
7241
23442
25981
5462
5421
5467
5468
5469
5471
22484
28674
8777
34407
35706
6892
6893
6894
20209
3884
6895
28563
28565
32879
32878
34126
7314
7316
23366
7630
784
14650
31630
6746
6779
6784
26276
15095
25999
7638
7660
8256
8255
26252
9577
9574
23561
8972
23562
32922
13739
13740
34580
23926
34579
23929
23927
24356
24349
24350
24352
23607
30264
32381
32380
30510
13953
32385
32395
13974
3417
32399
3423
3427
3438
3437
22036
3469
18968
14245
3472
3473
3474
3476
3477
3482
3503
3507
3511
30680
30659
18850
11797
30679
6905
6603
18870
11919
17905
17911
16344
15294
33499
24450
28174
25633
28174
24450
33499
15294
16344
17911
17905
11919
18870
6603
6905
30679
6613
32024
3526
11298
28023
11301
28411
35203
11802
28414
28413
28412
32478
14172
8770
32469
32464
31602
32471
32470
32473
32486
32480
32481
14441
32487
32490
32483
32479
243
252
256
235
24354
24365
13761
13760
4164
23749
4179
4174
4169
4168
4171
4172
4173
4178
23781
4177
4180
4181
6215
31678
6223
36024
22881
27874
27894
12151
27867
27872
27882
27879
27873
3986
23870
23871
23873
26970
25836
25837
15980
4001
12345
525
3129
12347
20276
11022
18788
35268
1743
35269
24757
16468
10378
10380
10381
26801
1744
10384
19369
36034
16285
16138
26827
18452
19440
4571
4567
25842
4028
4572
4573
4574
4577
32921
20526
4543
4031
4375
4052
3222
16108
1231
381
30348
17452
22014
28863
696
22640
1351
20901
16791
10069
6550
16399
4054
11721
11722
20121
19448
19456
20124
19457
5746
5750
5756
5762
20338
20342
31696
20346
20347
3670
11497
2504
11727
6555
11660
16366
2534
2548
12083
3399
3404
2613
2618
12084
6307
2682
6318
12102
234
12102
6318
2682
6307
12084
2618
15959
21065
13386
13385
27842
6305
23596
4362
23584
6304
13825
13826
23292
2057
23293
15874
23595
2059
4000
2930
34034
30524
10620
2949
10619
32965
32966
33224
7297
32833
25305
23326
34473
15242
33963
4165
27923
27921
6064
23807
1425
1417
4909
4908
5641
6628
6626
6623
6621
6618
6597
6596
6595
30003
120
29997
29982
29996
29986
30002
29963
29978
24171
35587
24215
26625
26617
26623
4263
16595
4261
4271
4274
4267
4264
20695
19150
25875
25879
19464
4269
35303
16528
23004
23318
16525
13146
16515
16519
4275
678
21433
21432
21431
8119
18517
13195
4287
23162
7702
35702
8983
8646
26714
26713
572
573
8019
13585
13586
13587
14096
14098
31466
17796
17902
17808
17807
29251
29254
29256
29462
29463
15652
29465
11332
29467
29469
21507
13686
13685
31029
31027
10074
21640
21764
2740
29038
29053
4273
3578
8712
3576
10472
8709
4985
8716
7852
25769
7851
7850
8715
19419
8710
8713
9527
9526
9537
18410
7233
9139
6797
9066
6796
8995
2933
6789
6765
6764
2519
6713
26392
14940
9113
15016
21637
13529
15015
32581
12234
12235
12270
12308
30374
23381
34675
31079
4359
33759
33597
292
7230
4350
2595
4364
2598
7370
2592
7235
2562
2569
35126
4391
34169
9640
8762
2274
9635
16545
12442
12439
12438
12441
9079
6679
12448
12449
8922
16948
27452
34573
15791
34558
10560
27447
10561
27451
10562
16957
16959
32020
25709
26839
14877
14876
14875
11099
14874
14873
26124
23352
14872
14871
9069
14870
10763
14868
14811
14867
34835
21678
27301
22750
11295
1989
27302
28722
25599
25270
25954
22852
27035
2629
27304
27163
2626
19136
27162
27217
27161
35118
35153
14586
6504
12389
12390
785
25320
12374
27484
27486
7583
26324
23024
21674
21631
29911
10738
29062
11002
11010
11011
11012
12327
11008
12079
13494
13500
12078
13493
11618
16268
16329
17007
17008
17010
26474
26471
3891
9828
759
17130
18383
33777
10171
3892
3893
13200
11199
13323
13322
22824
13326
3895
28720
3898
23052
9849
10246
9872
10246
9849
23052
3898
28720
3895
13326
22824
13322
13323
11199
13200
3893
3892
10171
33777
18383
17130
759
9828
3891
26471
26474
17010
17008
17007
16329
16268
11618
13493
12078
13500
13494
12079
11008
12327
11012
11011
11010
11002
29062
10738
29911
21631
21674
23024
26324
7583
27486
27484
12374
25320
785
12390
12389
6504
14586
35153
35118
27161
27217
27162
19136
2626
27163
27304
2629
27035
22852
25954
25270
25599
28722
27302
1989
11295
22750
27301
21678
34835
14867
14811
14868
10763
14870
9069
14871
14872
23352
26124
14873
14874
11099
14875
14876
14877
26839
25709
32020
16959
16957
10562
27451
10561
27447
10560
34558
15791
34573
27452
16948
8922
12449
12448
6679
9079
12441
12438
12439
12442
16545
9635
2274
8762
9640
34169
4391
35126
2569
2562
7235
2592
7370
2598
4364
2595
4350
7230
292
33597
33759
4359
31079
34675
23381
30374
943
6724
26922
16013
5730
9694
22331
23705
23707
20215
7429
27334
7440
31251
20851
20799
20809
20830
20880
28646
21703
21694
28617
24107
21705
21716
21696
20123
26548
9206
9212
19216
8851
18336
33550
17268
21658
27549
17270
22135
22138
5874
5875
27335
35828
19206
22079
30596
29834
4345
9582
9580
31470
35614
9583
5637
32533
31472
12934
20349
18171
6464
14686
14976
9797
13112
13134
13131
11589
11594
4272
11593
11596
1427
3368
15251
1324
15247
34484
15242
34473
23326
25305
16005
29242
23033
16004
23026
20703
16003
7283
34082
34078
34074
22982
15999
34060
34052
30543
34795
34794
30547
34788
30551
18075
18077
21270
15575
6552
5972
4793
17218
4792
4791
4790
5965
5967
4381
18977
18966
4367
4053
4377
4376
4374
4031
4543
25745
25730
16071
25531
16889
16230
16886
16228
20894
22200
22199
18690
21004
20998
15651
20990
20978
20967
20966
20965
20960
20958
10357
20956
20959
16713
20749
16714
9485
18787
9485
16714
20749
16713
20959
20956
10357
20958
20960
20965
20966
20967
20978
20990
15651
20998
21004
18690
22199
22200
20894
16228
16886
16230
16889
25531
16071
4570
4028
4572
921
15973
15986
6168
34067
6548
30541
5322
26000
17204
17208
17210
25239
30494
28550
4049
28554
28556
18075
30551
34788
30547
34794
34795
30543
34052
34060
15999
22982
34074
34078
34082
7283
16003
20703
23026
16004
23033
29242
16005
25305
23326
34473
15242
34484
15247
1324
15251
3368
1427
11596
11593
4272
11594
11589
13131
13134
13112
9797
14976
14686
6464
18171
20349
12934
31472
32533
5637
9583
35614
31470
9580
9582
4345
29834
30596
22079
19206
35828
27335
5875
5874
22138
22135
17270
27549
21658
17268
33550
18336
8851
19216
9212
9206
26548
20123
21696
21716
21705
24107
28617
21694
21703
28646
20880
20830
20809
20799
20851
31251
7440
27334
7429
20215
23707
23705
22331
9694
5730
16013
26922
6724
943
30374
23381
34675
31079
4359
33759
33597
292
7230
4350
2595
4364
2598
7370
2592
7235
2562
2569
35126
4391
34169
9640
8762
2274
9635
16545
12442
12439
12438
12441
9079
6679
12448
12449
8922
16948
27452
34573
15791
34558
10560
27447
10561
27451
10562
16957
16959
32020
25709
26839
14877
14876
14875
11099
14874
14873
26124
23352
14872
14871
9069
14870
10763
14868
14811
14867
34835
21678
27301
22750
11295
1989
27302
28722
25599
25270
25954
22852
27035
2629
27304
27163
2626
19136
27162
27217
27161
35118
35153
14586
6504
12389
12390
785
25320
12374
27484
27486
7583
26324
23024
21674
21631
29911
10738
29062
11002
11010
11011
11012
12327
11008
12079
13494
13500
12078
13493
11618
16268
16329
17007
17008
12354
12356
8257
10191
22829
18400
3900
9830
34192
18771
33990
12183
33329
12427
12446
26427
12428
18653
29964
30575
12457
12456
12455
8490
12537
24403
24958
15560
15539
15538
15577
11069
20675
11069
15577
15538
15539
15560
24958
24403
12537
8490
12455
12456
12457
30575
29964
18653
12428
26427
12446
12427
33329
12183
33990
18771
34192
9830
3900
18400
22829
10191
8257
12356
12354
17008
17007
16329
16268
11618
13493
12078
13500
13494
12079
11008
12327
11012
11011
11010
11002
29062
10738
29911
21631
21674
23024
26324
7583
27486
27484
12374
25320
785
12390
12389
6504
14586
35153
35118
27161
27217
27162
19136
2626
27163
27304
2629
27035
22852
25954
25270
25599
28722
27302
1989
11295
22750
27301
21678
34835
14867
14811
14868
10763
14870
9069
14871
14872
23352
26124
14873
14874
11099
14875
14876
14877
26839
25709
32020
16959
16957
10562
27451
10561
27447
10560
34558
15791
34573
27452
16948
8922
12449
12448
6679
9079
12441
12438
12439
12442
16545
9635
2274
8762
9640
34169
4391
35126
2569
2562
7235
2592
7370
2598
4364
2595
4350
7230
292
33597
33759
4359
31079
34675
23381
30374
943
6724
26922
16013
5730
9694
22331
23705
23707
20215
7429
27334
7440
31251
20851
20799
20809
20830
20880
28646
21703
21694
28617
24107
21705
21716
21696
20123
26548
9206
9212
19216
8851
18336
33550
17268
21658
27549
17270
22135
22138
5874
5875
27335
35828
19206
22079
30596
29834
4345
9582
9580
31470
35614
9583
5637
32533
31472
12934
20349
18171
6464
14686
14976
9797
13112
13134
13131
11589
11594
4272
11593
11596
1427
3368
15251
1324
15247
34484
15242
34473
23326
25305
32833
7297
33224
32966
32965
10619
2949
10620
30524
34034
2930
4000
